<?xml version="1.0" encoding="UTF-8"?>
<!-- Generated by org.testng.reporters.JUnitReportReporter -->
<testsuite hostname="DESKTOP-Q1LI5GB" failures="0" tests="1" name="differentWaysToPostRequest.AddProjectWithPOJOClassTest" time="2.778" errors="0" timestamp="2022-09-02T17:19:29 IST" skipped="0">
  <testcase classname="differentWaysToPostRequest.AddProjectWithPOJOClassTest" name="postUsingPOJO" time="2.778"/>
  <system-out/>
</testsuite> <!-- differentWaysToPostRequest.AddProjectWithPOJOClassTest -->
