<?xml version="1.0" encoding="UTF-8"?>
<!-- Generated by org.testng.reporters.JUnitReportReporter -->
<testsuite hostname="DESKTOP-Q1LI5GB" failures="0" tests="1" name="crudOperationsWithoutBDD.GetProjects" time="2.095" errors="0" timestamp="2022-09-02T11:04:02 IST" skipped="0">
  <testcase classname="crudOperationsWithoutBDD.GetProjects" name="getProject" time="2.095"/>
  <system-out/>
</testsuite> <!-- crudOperationsWithoutBDD.GetProjects -->
