<?xml version="1.0" encoding="UTF-8"?>
<!-- Generated by org.testng.reporters.JUnitReportReporter -->
<testsuite hostname="DESKTOP-Q1LI5GB" failures="0" tests="1" name="requestChaining.CreateProjectRequestChaining" time="3.834" errors="0" timestamp="2022-09-06T10:30:21 IST" skipped="0">
  <testcase classname="requestChaining.CreateProjectRequestChaining" name="requestChaining" time="3.834"/>
  <system-out/>
</testsuite> <!-- requestChaining.CreateProjectRequestChaining -->
