<?xml version="1.0" encoding="UTF-8"?>
<!-- Generated by org.testng.reporters.JUnitReportReporter -->
<testsuite hostname="DESKTOP-Q1LI5GB" failures="0" tests="1" name="crudOperationsWithoutBDD.GetSingleProject" time="2.606" errors="0" timestamp="2022-09-02T11:08:10 IST" skipped="0">
  <testcase classname="crudOperationsWithoutBDD.GetSingleProject" name="getSingleProject" time="2.606"/>
  <system-out/>
</testsuite> <!-- crudOperationsWithoutBDD.GetSingleProject -->
