<?xml version="1.0" encoding="UTF-8"?>
<!-- Generated by org.testng.reporters.JUnitReportReporter -->
<testsuite hostname="DESKTOP-Q1LI5GB" failures="0" tests="1" name="crudOperationsWithoutBDD.UpdateProject" time="2.488" errors="0" timestamp="2022-09-02T11:24:47 IST" skipped="0">
  <testcase classname="crudOperationsWithoutBDD.UpdateProject" name="updateProject" time="2.488"/>
  <system-out/>
</testsuite> <!-- crudOperationsWithoutBDD.UpdateProject -->
