<?xml version="1.0" encoding="UTF-8"?>
<!-- Generated by org.testng.reporters.JUnitReportReporter -->
<testsuite hostname="DESKTOP-Q1LI5GB" failures="0" tests="1" name="paramters.ParamtersTestForGit" time="4.641" errors="0" timestamp="2022-09-07T15:03:32 IST" skipped="0">
  <testcase classname="paramters.ParamtersTestForGit" name="parametersTest" time="4.641"/>
  <system-out/>
</testsuite> <!-- paramters.ParamtersTestForGit -->
