<?xml version="1.0" encoding="UTF-8"?>
<!-- Generated by org.testng.reporters.JUnitReportReporter -->
<testsuite hostname="DESKTOP-Q1LI5GB" failures="0" tests="1" name="paramters.QueryParameter" time="3.287" errors="0" timestamp="2022-09-06T12:11:30 IST" skipped="0">
  <testcase classname="paramters.QueryParameter" name="queryParameter" time="3.287"/>
  <system-out/>
</testsuite> <!-- paramters.QueryParameter -->
