<?xml version="1.0" encoding="UTF-8"?>
<!-- Generated by org.testng.reporters.JUnitReportReporter -->
<testsuite hostname="DESKTOP-Q1LI5GB" failures="0" tests="1" name="differentWaysToPostRequest.CreateProjectUsingJSONfile" time="2.459" errors="0" timestamp="2022-09-03T11:18:14 IST" skipped="0">
  <testcase classname="differentWaysToPostRequest.CreateProjectUsingJSONfile" name="createProject" time="2.459"/>
  <system-out/>
</testsuite> <!-- differentWaysToPostRequest.CreateProjectUsingJSONfile -->
