<?xml version="1.0" encoding="UTF-8"?>
<!-- Generated by org.testng.reporters.JUnitReportReporter -->
<testsuite hostname="DESKTOP-Q1LI5GB" failures="0" tests="1" name="paramters.PathParamter" time="2.177" errors="0" timestamp="2022-09-06T12:10:58 IST" skipped="0">
  <testcase classname="paramters.PathParamter" name="getSingleProject" time="2.177"/>
  <system-out/>
</testsuite> <!-- paramters.PathParamter -->
