<?xml version="1.0" encoding="UTF-8"?>
<!-- Generated by org.testng.reporters.JUnitReportReporter -->
<testsuite hostname="DESKTOP-Q1LI5GB" failures="0" tests="4" name="dataDrivenTesting.AddProjectUsingDataProviderTest" time="5.346" errors="0" timestamp="2022-09-03T13:04:33 IST" skipped="0">
  <testcase classname="dataDrivenTesting.AddProjectUsingDataProviderTest" name="addProject" time="0.697"/>
  <system-out/>
  <testcase classname="dataDrivenTesting.AddProjectUsingDataProviderTest" name="addProject" time="0.313"/>
  <system-out/>
  <testcase classname="dataDrivenTesting.AddProjectUsingDataProviderTest" name="addProject" time="0.330"/>
  <system-out/>
  <testcase classname="dataDrivenTesting.AddProjectUsingDataProviderTest" name="addProject" time="4.006"/>
  <system-out/>
</testsuite> <!-- dataDrivenTesting.AddProjectUsingDataProviderTest -->
