<?xml version="1.0" encoding="UTF-8"?>
<!-- Generated by org.testng.reporters.JUnitReportReporter -->
<testsuite hostname="DESKTOP-Q1LI5GB" failures="0" tests="1" name="differentWaysToPostRequest.CreateProjectUsingHashMap" time="15.191" errors="0" timestamp="2022-09-03T10:56:43 IST" skipped="0">
  <testcase classname="differentWaysToPostRequest.CreateProjectUsingHashMap" name="createProject" time="15.191"/>
  <system-out/>
</testsuite> <!-- differentWaysToPostRequest.CreateProjectUsingHashMap -->
